8
mkl maximum number of threads is:
8
number of all cores is: 8
size:        2; 1: 2.015e-03; 2: 5.293e-05; 4: 3.815e-05; 6: 3.695e-05; 8: 3.719e-05; 
size:        4; 1: 1.049e-04; 2: 4.292e-05; 4: 4.196e-05; 6: 4.005e-05; 8: 4.005e-05; 
size:        8; 1: 5.317e-05; 2: 4.911e-05; 4: 4.792e-05; 6: 4.697e-05; 8: 4.697e-05; 
size:       16; 1: 8.893e-05; 2: 8.702e-05; 4: 7.200e-05; 6: 7.105e-05; 8: 7.010e-05; 
size:       32; 1: 1.540e-04; 2: 1.850e-04; 4: 1.421e-04; 6: 1.402e-04; 8: 1.380e-04; 
size:       64; 1: 4.439e-04; 2: 4.380e-04; 4: 4.401e-04; 6: 4.361e-04; 8: 4.399e-04; 
size:      128; 1: 2.008e-03; 2: 2.321e-03; 4: 2.133e-03; 6: 2.275e-03; 8: 2.407e-03; 
size:      256; 1: 1.282e-02; 2: 9.976e-03; 4: 8.758e-03; 6: 8.077e-03; 8: 8.429e-03; 
size:      512; 1: 7.862e-02; 2: 5.674e-02; 4: 4.104e-02; 6: 3.717e-02; 8: 3.765e-02; 
size:     1024; 1: 4.935e-01; 2: 3.260e-01; 4: 2.589e-01; 6: 2.517e-01; 8: 2.427e-01; 
size:     2048; 1: 2.216e+00; 2: 2.116e+00; 4: 1.098e+00; 6: 1.818e+00; 8: 1.659e+00; 
size:     4096; 1: 1.557e+01; 2: 8.410e+00; 4: 5.355e+00; 6: 5.701e+00; 8: 5.123e+00; 
mkl maximum number of threads is:
8
number of all cores is: 8
size:        2; 1: 2.639e-04; 2: 3.219e-05; 4: 3.099e-05; 6: 3.099e-05; 8: 3.099e-05; 
size:        4; 1: 1.059e-04; 2: 3.600e-05; 4: 3.505e-05; 6: 3.409e-05; 8: 3.409e-05; 
size:        8; 1: 4.411e-05; 2: 4.292e-05; 4: 4.077e-05; 6: 4.101e-05; 8: 4.196e-05; 
size:       16; 1: 7.796e-05; 2: 6.199e-05; 4: 6.199e-05; 6: 6.199e-05; 8: 6.104e-05; 
size:       32; 1: 1.400e-04; 2: 1.712e-04; 4: 1.280e-04; 6: 1.271e-04; 8: 1.268e-04; 
size:       64; 1: 4.370e-04; 2: 4.170e-04; 4: 4.241e-04; 6: 4.230e-04; 8: 4.201e-04; 
size:      128; 1: 1.975e-03; 2: 2.272e-03; 4: 2.052e-03; 6: 2.211e-03; 8: 2.378e-03; 
size:      256; 1: 1.267e-02; 2: 9.955e-03; 4: 8.143e-03; 6: 7.899e-03; 8: 8.067e-03; 
size:      512; 1: 7.805e-02; 2: 5.580e-02; 4: 4.028e-02; 6: 3.627e-02; 8: 3.499e-02; 
size:     1024; 1: 4.967e-01; 2: 3.197e-01; 4: 2.472e-01; 6: 2.416e-01; 8: 2.424e-01; 
size:     2048; 1: 2.219e+00; 2: 2.199e+00; 4: 1.096e+00; 6: 1.773e+00; 8: 1.655e+00; 
size:     4096; 1: 1.571e+01; 2: 8.526e+00; 4: 5.636e+00; 6: 6.201e+00; 8: 5.462e+00; 
 OMP max threads:           1
 MKL max threads:           8
