8
/share/apps2/intelpython2/bin/python2.7
mkl maximum number of threads is:
8
number of all cores is: 8
size:        2; 1: 3.725e-02; 2: 7.892e-05; 4: 3.815e-05; 6: 3.719e-05; 8: 3.695e-05; 
size:        4; 1: 1.070e-04; 2: 4.101e-05; 4: 4.101e-05; 6: 4.005e-05; 8: 4.005e-05; 
size:        8; 1: 5.102e-05; 2: 4.792e-05; 4: 4.792e-05; 6: 4.697e-05; 8: 5.388e-05; 
size:       16; 1: 8.988e-05; 2: 7.296e-05; 4: 7.105e-05; 6: 7.200e-05; 8: 7.105e-05; 
size:       32; 1: 1.628e-04; 2: 1.922e-04; 4: 1.400e-04; 6: 1.390e-04; 8: 1.369e-04; 
size:       64; 1: 4.439e-04; 2: 4.411e-04; 4: 4.349e-04; 6: 4.330e-04; 8: 4.408e-04; 
size:      128; 1: 2.009e-03; 2: 2.317e-03; 4: 2.158e-03; 6: 2.312e-03; 8: 2.400e-03; 
size:      256; 1: 1.283e-02; 2: 1.003e-02; 4: 8.794e-03; 6: 8.161e-03; 8: 8.445e-03; 
size:      512; 1: 7.861e-02; 2: 5.678e-02; 4: 4.105e-02; 6: 3.724e-02; 8: 4.908e-02; 
size:     1024; 1: 4.960e-01; 2: 3.249e-01; 4: 2.521e-01; 6: 2.510e-01; 8: 2.451e-01; 
size:     2048; 1: 2.212e+00; 2: 2.199e+00; 4: 1.081e+00; 6: 1.786e+00; 8: 1.647e+00; 
size:     4096; 1: 1.554e+01; 2: 8.336e+00; 4: 5.421e+00; 6: 5.817e+00; 8: 5.243e+00; 
/share/apps/anaconda2/5.3.0/bin/python2.7
mkl maximum number of threads is:
8
number of all cores is: 8
size:        2; 1: 2.539e-04; 2: 3.314e-05; 4: 3.195e-05; 6: 2.980e-05; 8: 3.004e-05; 
size:        4; 1: 1.061e-04; 2: 3.505e-05; 4: 3.505e-05; 6: 3.409e-05; 8: 3.505e-05; 
size:        8; 1: 4.411e-05; 2: 4.196e-05; 4: 4.196e-05; 6: 4.196e-05; 8: 4.101e-05; 
size:       16; 1: 7.701e-05; 2: 7.415e-05; 4: 6.104e-05; 6: 6.104e-05; 8: 6.008e-05; 
size:       32; 1: 1.411e-04; 2: 1.678e-04; 4: 1.359e-04; 6: 1.280e-04; 8: 1.261e-04; 
size:       64; 1: 4.270e-04; 2: 4.258e-04; 4: 4.182e-04; 6: 4.160e-04; 8: 4.220e-04; 
size:      128; 1: 1.972e-03; 2: 2.225e-03; 4: 2.070e-03; 6: 2.196e-03; 8: 2.331e-03; 
size:      256; 1: 1.262e-02; 2: 9.884e-03; 4: 8.103e-03; 6: 7.896e-03; 8: 8.108e-03; 
size:      512; 1: 7.800e-02; 2: 5.569e-02; 4: 4.010e-02; 6: 3.622e-02; 8: 3.508e-02; 
size:     1024; 1: 4.976e-01; 2: 3.216e-01; 4: 2.477e-01; 6: 2.444e-01; 8: 2.356e-01; 
size:     2048; 1: 2.172e+00; 2: 1.855e+00; 4: 1.088e+00; 6: 1.773e+00; 8: 1.630e+00; 
size:     4096; 1: 1.560e+01; 2: 8.662e+00; 4: 5.864e+00; 6: 6.107e+00; 8: 5.474e+00; 
 OMP max threads:           1
 MKL max threads:           8
